<?xml version="1.0" encoding="UTF-8"?>
<testng-results ignored="0" total="1" passed="1" failed="0" skipped="0">
  <reporter-output>
  </reporter-output>
  <suite started-at="2024-08-02T11:16:36 IST" name="project2" finished-at="2024-08-02T11:20:07 IST" duration-ms="211076">
    <groups>
    </groups>
    <test started-at="2024-08-02T11:16:36 IST" name="Bankingapp Test" finished-at="2024-08-02T11:20:07 IST" duration-ms="211076">
      <class name="com.testcases.PaybillTC">
        <test-method is-config="true" signature="init(java.lang.String)[pri:0, instance:com.testcases.PaybillTC@6989da5e]" started-at="2024-08-02T11:16:36 IST" name="init" finished-at="2024-08-02T11:16:43 IST" duration-ms="7501" status="PASS">
          <params>
            <param index="0">
              <value>
                <![CDATA[chrome]]>
              </value>
            </param>
          </params>
          <reporter-output>
          </reporter-output>
        </test-method> <!-- init -->
        <test-method signature="paybill()[pri:0, instance:com.testcases.PaybillTC@6989da5e]" started-at="2024-08-02T11:16:43 IST" name="paybill" finished-at="2024-08-02T11:20:07 IST" duration-ms="203321" status="PASS">
          <reporter-output>
          </reporter-output>
        </test-method> <!-- paybill -->
        <test-method is-config="true" signature="teardown()[pri:0, instance:com.testcases.PaybillTC@6989da5e]" started-at="2024-08-02T11:20:07 IST" name="teardown" finished-at="2024-08-02T11:20:07 IST" duration-ms="221" status="PASS">
          <reporter-output>
          </reporter-output>
        </test-method> <!-- teardown -->
      </class> <!-- com.testcases.PaybillTC -->
    </test> <!-- Bankingapp Test -->
  </suite> <!-- project2 -->
</testng-results>
